Using pre-set license
Built from '2020.3/staging' branch; Version is '2020.3.0f1 (c7b5465681fb) revision 13088070'; Using compiler version '192528614'; Build Type 'Release'
OS: 'Windows 10 Pro; OS build 19042.985; Version 2009; 64bit' Language: 'el' Physical Memory: 8095 MB
BatchMode: 1, IsHumanControllingUs: 0, StartBugReporterOnCrash: 0, Is64bit: 1, IsPro: 0

 COMMAND LINE ARGUMENTS:
C:\Program Files\Unity\Hub\Editor\2020.3.0f1\Editor\Unity.exe
-adb2
-batchMode
-noUpm
-name
AssetImportWorker0
-projectPath
C:/Users/julia/FooDiscovery2D/Foodiscovery
-logFile
Logs/AssetImportWorker0.log
-srvPort
56580
Successfully changed project path to: C:/Users/julia/FooDiscovery2D/Foodiscovery
C:/Users/julia/FooDiscovery2D/Foodiscovery
Using Asset Import Pipeline V2.
Refreshing native plugins compatible for Editor in 69.09 ms, found 1 plugins.
Preloading 0 native plugins for Editor in 0.00 ms.
Initialize engine version: 2020.3.0f1 (c7b5465681fb)
[Subsystems] Discovering subsystems at path C:/Program Files/Unity/Hub/Editor/2020.3.0f1/Editor/Data/Resources/UnitySubsystems
[Subsystems] Discovering subsystems at path C:/Users/julia/FooDiscovery2D/Foodiscovery/Assets
GfxDevice: creating device client; threaded=0
Direct3D:
    Version:  Direct3D 11.0 [level 11.0]
    Renderer: NVIDIA GeForce 820M (ID=0x1140)
    Vendor:   
    VRAM:     1999 MB
    Driver:   21.21.13.6909
Initialize mono
Mono path[0] = 'C:/Program Files/Unity/Hub/Editor/2020.3.0f1/Editor/Data/Managed'
Mono path[1] = 'C:/Program Files/Unity/Hub/Editor/2020.3.0f1/Editor/Data/MonoBleedingEdge/lib/mono/unityjit'
Mono config path = 'C:/Program Files/Unity/Hub/Editor/2020.3.0f1/Editor/Data/MonoBleedingEdge/etc'
Using monoOptions --debugger-agent=transport=dt_socket,embedding=1,server=y,suspend=n,address=127.0.0.1:56544
Begin MonoManager ReloadAssembly
Registering precompiled unity dll's ...
Register platform support module: C:/Program Files/Unity/Hub/Editor/2020.3.0f1/Editor/Data/PlaybackEngines/WindowsStandaloneSupport/UnityEditor.WindowsStandalone.Extensions.dll
Registered in 0.003636 seconds.
Native extension for WindowsStandalone target not found
Refreshing native plugins compatible for Editor in 50.04 ms, found 1 plugins.
Preloading 0 native plugins for Editor in 0.00 ms.
Invoked RoslynAnalysisRunner static constructor.
RoslynAnalysisRunner will not be running.
RoslynAnalysisRunner has terminated.
Mono: successfully reloaded assembly
- Completed reload, in  2.148 seconds
Platform modules already initialized, skipping
Registering precompiled user dll's ...
Registered in 0.001465 seconds.
Begin MonoManager ReloadAssembly
Native extension for WindowsStandalone target not found
Refreshing native plugins compatible for Editor in 51.22 ms, found 1 plugins.
Preloading 0 native plugins for Editor in 0.00 ms.
Invoked RoslynAnalysisRunner static constructor.
RoslynAnalysisRunner will not be running.
RoslynAnalysisRunner has terminated.
Mono: successfully reloaded assembly
- Completed reload, in  1.453 seconds
Platform modules already initialized, skipping
========================================================================
Worker process is ready to serve import requests
Launched and connected shader compiler UnityShaderCompiler.exe after 0.15 seconds
Refreshing native plugins compatible for Editor in 0.72 ms, found 1 plugins.
Preloading 0 native plugins for Editor in 0.00 ms.
Unloading 1809 Unused Serialized files (Serialized files now loaded: 0)
System memory in use before: 84.8 MB.
System memory in use after: 84.7 MB.

Unloading 24 unused Assets to reduce memory usage. Loaded Objects now: 2252.
Total: 2.821000 ms (FindLiveObjects: 0.263400 ms CreateObjectMapping: 0.102700 ms MarkObjects: 2.270600 ms  DeleteObjects: 0.181900 ms)

========================================================================
Received Import Request.
  path: Assets/pictures/4 - Περιφέρεια Ηπείρου.png
  artifactKey: Guid(a4b7036c20229f144a1448a4f980d071) Importer(815301076,1909f56bfc062723c751e8b465ee728b)
Start importing Assets/pictures/4 - Περιφέρεια Ηπείρου.png using Guid(a4b7036c20229f144a1448a4f980d071) Importer(815301076,1909f56bfc062723c751e8b465ee728b)  -> (artifact id: '89eebf84f51f4bb8a78b66d03046fc03') in 0.753591 seconds
  Import took 0.775135 seconds .

========================================================================
Received Import Request.
  Time since last request: 597.811156 seconds.
  path: Assets/pictures/epirus.jpg
  artifactKey: Guid(100246c7c8620684db4f17a8b867fc4e) Importer(815301076,1909f56bfc062723c751e8b465ee728b)
Start importing Assets/pictures/epirus.jpg using Guid(100246c7c8620684db4f17a8b867fc4e) Importer(815301076,1909f56bfc062723c751e8b465ee728b)  -> (artifact id: '558a489e11d98e782757b9a30154c1f3') in 0.055425 seconds
  Import took 0.083645 seconds .

========================================================================
Received Import Request.
  Time since last request: 487.729470 seconds.
  path: Assets/pictures/dit  makedonia.jpg
  artifactKey: Guid(0398a7beb2ef44f4a8f8b527b673d670) Importer(815301076,1909f56bfc062723c751e8b465ee728b)
Start importing Assets/pictures/dit  makedonia.jpg using Guid(0398a7beb2ef44f4a8f8b527b673d670) Importer(815301076,1909f56bfc062723c751e8b465ee728b)  -> (artifact id: '57875de831f72b278ad16e8f47d614ce') in 0.046511 seconds
  Import took 0.072636 seconds .

========================================================================
Received Import Request.
  Time since last request: 0.000272 seconds.
  path: Assets/pictures/dit ellada.jpg
  artifactKey: Guid(606e2e29d3ae92942aacc931d00c66b7) Importer(815301076,1909f56bfc062723c751e8b465ee728b)
Start importing Assets/pictures/dit ellada.jpg using Guid(606e2e29d3ae92942aacc931d00c66b7) Importer(815301076,1909f56bfc062723c751e8b465ee728b)  -> (artifact id: 'bde07150c6caeb8fbea7545f975eb637') in 0.024876 seconds
  Import took 0.041854 seconds .

========================================================================
Received Import Request.
  Time since last request: 0.000311 seconds.
  path: Assets/pictures/thessalia.jpg
  artifactKey: Guid(324578e4f05a5974b9a47fcd12f7ff2f) Importer(815301076,1909f56bfc062723c751e8b465ee728b)
Start importing Assets/pictures/thessalia.jpg using Guid(324578e4f05a5974b9a47fcd12f7ff2f) Importer(815301076,1909f56bfc062723c751e8b465ee728b)  -> (artifact id: '20618be501a7420537662d0f3aab2d20') in 0.027220 seconds
  Import took 0.033688 seconds .

========================================================================
Received Import Request.
  Time since last request: 0.000271 seconds.
  path: Assets/pictures/kentr makedonia.jpg
  artifactKey: Guid(2c8c2afdb75c1a947a8619d444c2f422) Importer(815301076,1909f56bfc062723c751e8b465ee728b)
Start importing Assets/pictures/kentr makedonia.jpg using Guid(2c8c2afdb75c1a947a8619d444c2f422) Importer(815301076,1909f56bfc062723c751e8b465ee728b)  -> (artifact id: '9adc471551b31da7b86cd492f1e46ac0') in 0.035380 seconds
  Import took 0.041747 seconds .

========================================================================
Received Import Request.
  Time since last request: 0.000334 seconds.
  path: Assets/pictures/sterea.jpg
  artifactKey: Guid(09fadc68a83cb96489c6c2e4fa7b9e84) Importer(815301076,1909f56bfc062723c751e8b465ee728b)
Start importing Assets/pictures/sterea.jpg using Guid(09fadc68a83cb96489c6c2e4fa7b9e84) Importer(815301076,1909f56bfc062723c751e8b465ee728b)  -> (artifact id: '1cc9b6520583541a01fe1d1757fd1daf') in 0.040467 seconds
  Import took 0.059005 seconds .

========================================================================
Received Import Request.
  Time since last request: 103.540549 seconds.
  path: Assets/pictures/ionio.jpg
  artifactKey: Guid(0024f51a154a70d42b4466dca87648cc) Importer(815301076,1909f56bfc062723c751e8b465ee728b)
Start importing Assets/pictures/ionio.jpg using Guid(0024f51a154a70d42b4466dca87648cc) Importer(815301076,1909f56bfc062723c751e8b465ee728b)  -> (artifact id: 'ea51baed3b2afc56f0873dffaa03a517') in 0.046372 seconds
  Import took 0.053101 seconds .

========================================================================
Received Import Request.
  Time since last request: 0.004052 seconds.
  path: Assets/pictures/ionio.jpg
  artifactKey: Guid(0024f51a154a70d42b4466dca87648cc) Importer(815301076,1909f56bfc062723c751e8b465ee728b)
Start importing Assets/pictures/ionio.jpg using Guid(0024f51a154a70d42b4466dca87648cc) Importer(815301076,1909f56bfc062723c751e8b465ee728b)  -> (artifact id: 'ea51baed3b2afc56f0873dffaa03a517') in 0.037619 seconds
  Import took 0.044649 seconds .

========================================================================
Received Import Request.
  Time since last request: 42.704227 seconds.
  path: Assets/pictures/maps
  artifactKey: Guid(721267040679532478828d4fceac5b4c) Importer(815301076,1909f56bfc062723c751e8b465ee728b)
Start importing Assets/pictures/maps using Guid(721267040679532478828d4fceac5b4c) Importer(815301076,1909f56bfc062723c751e8b465ee728b)  -> (artifact id: '7fdd6ab4ea829f414d3153989eb3e422') in 0.015982 seconds
  Import took 0.030562 seconds .

========================================================================
Received Import Request.
  Time since last request: 275.297645 seconds.
  path: Assets/Scenes/MainScreen.unity
  artifactKey: Guid(8ce061f1962f2c44d9301fc49033b0bb) Importer(815301076,1909f56bfc062723c751e8b465ee728b)
Start importing Assets/Scenes/MainScreen.unity using Guid(8ce061f1962f2c44d9301fc49033b0bb) Importer(815301076,1909f56bfc062723c751e8b465ee728b)  -> (artifact id: '8a6bc0e10485c6199ba13abf27d5b1b6') in 0.015353 seconds
  Import took 0.022611 seconds .

========================================================================
Received Prepare
Registering precompiled user dll's ...
Registered in 0.002372 seconds.
Begin MonoManager ReloadAssembly
Native extension for WindowsStandalone target not found
Refreshing native plugins compatible for Editor in 0.47 ms, found 1 plugins.
Preloading 0 native plugins for Editor in 0.00 ms.
Invoked RoslynAnalysisRunner static constructor.
RoslynAnalysisRunner will not be running.
RoslynAnalysisRunner has terminated.
Mono: successfully reloaded assembly
- Completed reload, in  1.267 seconds
Platform modules already initialized, skipping
Refreshing native plugins compatible for Editor in 0.50 ms, found 1 plugins.
Preloading 0 native plugins for Editor in 0.00 ms.
Unloading 1804 Unused Serialized files (Serialized files now loaded: 0)
System memory in use before: 87.9 MB.
System memory in use after: 87.8 MB.

Unloading 12 unused Assets to reduce memory usage. Loaded Objects now: 2264.
Total: 3.430000 ms (FindLiveObjects: 0.431700 ms CreateObjectMapping: 0.141300 ms MarkObjects: 2.703400 ms  DeleteObjects: 0.151400 ms)

========================================================================
Received Prepare
Registering precompiled user dll's ...
Registered in 0.001329 seconds.
Begin MonoManager ReloadAssembly
Native extension for WindowsStandalone target not found
Refreshing native plugins compatible for Editor in 0.48 ms, found 1 plugins.
Preloading 0 native plugins for Editor in 0.00 ms.
Invoked RoslynAnalysisRunner static constructor.
RoslynAnalysisRunner will not be running.
RoslynAnalysisRunner has terminated.
Mono: successfully reloaded assembly
- Completed reload, in  1.682 seconds
Platform modules already initialized, skipping
Refreshing native plugins compatible for Editor in 0.59 ms, found 1 plugins.
Preloading 0 native plugins for Editor in 0.00 ms.
Unloading 1804 Unused Serialized files (Serialized files now loaded: 0)
System memory in use before: 87.9 MB.
System memory in use after: 87.9 MB.

Unloading 12 unused Assets to reduce memory usage. Loaded Objects now: 2268.
Total: 3.134100 ms (FindLiveObjects: 0.291300 ms CreateObjectMapping: 0.121800 ms MarkObjects: 2.558200 ms  DeleteObjects: 0.160700 ms)

========================================================================
Received Prepare
Registering precompiled user dll's ...
Registered in 0.001564 seconds.
Begin MonoManager ReloadAssembly
Native extension for WindowsStandalone target not found
Refreshing native plugins compatible for Editor in 0.47 ms, found 1 plugins.
Preloading 0 native plugins for Editor in 0.00 ms.
Invoked RoslynAnalysisRunner static constructor.
RoslynAnalysisRunner will not be running.
RoslynAnalysisRunner has terminated.
Mono: successfully reloaded assembly
- Completed reload, in  1.361 seconds
Platform modules already initialized, skipping
Refreshing native plugins compatible for Editor in 0.61 ms, found 1 plugins.
Preloading 0 native plugins for Editor in 0.00 ms.
Unloading 1805 Unused Serialized files (Serialized files now loaded: 0)
System memory in use before: 87.9 MB.
System memory in use after: 87.9 MB.

Unloading 12 unused Assets to reduce memory usage. Loaded Objects now: 2273.
Total: 2.805600 ms (FindLiveObjects: 0.237500 ms CreateObjectMapping: 0.106900 ms MarkObjects: 2.306800 ms  DeleteObjects: 0.152800 ms)

========================================================================
Received Prepare
Registering precompiled user dll's ...
Registered in 0.001439 seconds.
Begin MonoManager ReloadAssembly
Native extension for WindowsStandalone target not found
Refreshing native plugins compatible for Editor in 0.47 ms, found 1 plugins.
Preloading 0 native plugins for Editor in 0.00 ms.
Invoked RoslynAnalysisRunner static constructor.
RoslynAnalysisRunner will not be running.
RoslynAnalysisRunner has terminated.
Mono: successfully reloaded assembly
- Completed reload, in  1.437 seconds
Platform modules already initialized, skipping
Refreshing native plugins compatible for Editor in 0.60 ms, found 1 plugins.
Preloading 0 native plugins for Editor in 0.00 ms.
Unloading 1805 Unused Serialized files (Serialized files now loaded: 0)
System memory in use before: 88.0 MB.
System memory in use after: 87.9 MB.

Unloading 12 unused Assets to reduce memory usage. Loaded Objects now: 2277.
Total: 3.040500 ms (FindLiveObjects: 0.316200 ms CreateObjectMapping: 0.107700 ms MarkObjects: 2.444600 ms  DeleteObjects: 0.170000 ms)

========================================================================
Received Prepare
Registering precompiled user dll's ...
Registered in 0.001553 seconds.
Begin MonoManager ReloadAssembly
Native extension for WindowsStandalone target not found
Refreshing native plugins compatible for Editor in 0.49 ms, found 1 plugins.
Preloading 0 native plugins for Editor in 0.00 ms.
Invoked RoslynAnalysisRunner static constructor.
RoslynAnalysisRunner will not be running.
RoslynAnalysisRunner has terminated.
Mono: successfully reloaded assembly
- Completed reload, in  1.617 seconds
Platform modules already initialized, skipping
Refreshing native plugins compatible for Editor in 0.49 ms, found 1 plugins.
Preloading 0 native plugins for Editor in 0.00 ms.
Unloading 1805 Unused Serialized files (Serialized files now loaded: 0)
System memory in use before: 88.0 MB.
System memory in use after: 88.0 MB.

Unloading 12 unused Assets to reduce memory usage. Loaded Objects now: 2281.
Total: 3.250200 ms (FindLiveObjects: 0.298900 ms CreateObjectMapping: 0.189800 ms MarkObjects: 2.582900 ms  DeleteObjects: 0.176100 ms)

========================================================================
Received Prepare
Registering precompiled user dll's ...
Registered in 0.001270 seconds.
Begin MonoManager ReloadAssembly
Native extension for WindowsStandalone target not found
Refreshing native plugins compatible for Editor in 3.06 ms, found 1 plugins.
Preloading 0 native plugins for Editor in 0.00 ms.
Invoked RoslynAnalysisRunner static constructor.
RoslynAnalysisRunner will not be running.
RoslynAnalysisRunner has terminated.
Mono: successfully reloaded assembly
- Completed reload, in  1.865 seconds
Platform modules already initialized, skipping
Refreshing native plugins compatible for Editor in 0.47 ms, found 1 plugins.
Preloading 0 native plugins for Editor in 0.00 ms.
Unloading 1805 Unused Serialized files (Serialized files now loaded: 0)
System memory in use before: 88.0 MB.
System memory in use after: 88.0 MB.

Unloading 12 unused Assets to reduce memory usage. Loaded Objects now: 2285.
Total: 4.076800 ms (FindLiveObjects: 0.356700 ms CreateObjectMapping: 0.167900 ms MarkObjects: 3.378100 ms  DeleteObjects: 0.171800 ms)

========================================================================
Received Prepare
Registering precompiled user dll's ...
Registered in 0.002658 seconds.
Begin MonoManager ReloadAssembly
Native extension for WindowsStandalone target not found
Refreshing native plugins compatible for Editor in 0.57 ms, found 1 plugins.
Preloading 0 native plugins for Editor in 0.00 ms.
Invoked RoslynAnalysisRunner static constructor.
RoslynAnalysisRunner will not be running.
RoslynAnalysisRunner has terminated.
Mono: successfully reloaded assembly
- Completed reload, in  1.517 seconds
Platform modules already initialized, skipping
Refreshing native plugins compatible for Editor in 0.62 ms, found 1 plugins.
Preloading 0 native plugins for Editor in 0.00 ms.
Unloading 1805 Unused Serialized files (Serialized files now loaded: 0)
System memory in use before: 88.0 MB.
System memory in use after: 88.0 MB.

Unloading 12 unused Assets to reduce memory usage. Loaded Objects now: 2289.
Total: 3.246500 ms (FindLiveObjects: 0.312800 ms CreateObjectMapping: 0.102900 ms MarkObjects: 2.671800 ms  DeleteObjects: 0.157000 ms)

========================================================================
Received Prepare
Registering precompiled user dll's ...
Registered in 0.002449 seconds.
Begin MonoManager ReloadAssembly
Native extension for WindowsStandalone target not found
Refreshing native plugins compatible for Editor in 0.66 ms, found 1 plugins.
Preloading 0 native plugins for Editor in 0.00 ms.
Invoked RoslynAnalysisRunner static constructor.
RoslynAnalysisRunner will not be running.
RoslynAnalysisRunner has terminated.
Mono: successfully reloaded assembly
- Completed reload, in  1.364 seconds
Platform modules already initialized, skipping
Refreshing native plugins compatible for Editor in 0.53 ms, found 1 plugins.
Preloading 0 native plugins for Editor in 0.00 ms.
Unloading 1805 Unused Serialized files (Serialized files now loaded: 0)
System memory in use before: 88.0 MB.
System memory in use after: 88.0 MB.

Unloading 12 unused Assets to reduce memory usage. Loaded Objects now: 2293.
Total: 3.169100 ms (FindLiveObjects: 0.431100 ms CreateObjectMapping: 0.149000 ms MarkObjects: 2.427700 ms  DeleteObjects: 0.158900 ms)

========================================================================
Received Prepare
Registering precompiled user dll's ...
Registered in 0.001434 seconds.
Begin MonoManager ReloadAssembly
Native extension for WindowsStandalone target not found
Refreshing native plugins compatible for Editor in 0.46 ms, found 1 plugins.
Preloading 0 native plugins for Editor in 0.00 ms.
Invoked RoslynAnalysisRunner static constructor.
RoslynAnalysisRunner will not be running.
RoslynAnalysisRunner has terminated.
Mono: successfully reloaded assembly
- Completed reload, in  1.348 seconds
Platform modules already initialized, skipping
Refreshing native plugins compatible for Editor in 0.47 ms, found 1 plugins.
Preloading 0 native plugins for Editor in 0.00 ms.
Unloading 1805 Unused Serialized files (Serialized files now loaded: 0)
System memory in use before: 88.0 MB.
System memory in use after: 88.0 MB.

Unloading 12 unused Assets to reduce memory usage. Loaded Objects now: 2297.
Total: 3.364100 ms (FindLiveObjects: 0.420100 ms CreateObjectMapping: 0.099200 ms MarkObjects: 2.676700 ms  DeleteObjects: 0.166100 ms)

========================================================================
Received Prepare
Registering precompiled user dll's ...
Registered in 0.001775 seconds.
Begin MonoManager ReloadAssembly
Native extension for WindowsStandalone target not found
Refreshing native plugins compatible for Editor in 1.22 ms, found 1 plugins.
Preloading 0 native plugins for Editor in 0.00 ms.
Invoked RoslynAnalysisRunner static constructor.
RoslynAnalysisRunner will not be running.
RoslynAnalysisRunner has terminated.
Mono: successfully reloaded assembly
- Completed reload, in  2.464 seconds
Platform modules already initialized, skipping
Refreshing native plugins compatible for Editor in 0.47 ms, found 1 plugins.
Preloading 0 native plugins for Editor in 0.00 ms.
Unloading 1805 Unused Serialized files (Serialized files now loaded: 0)
System memory in use before: 88.0 MB.
System memory in use after: 88.0 MB.

Unloading 12 unused Assets to reduce memory usage. Loaded Objects now: 2301.
Total: 4.345800 ms (FindLiveObjects: 0.369400 ms CreateObjectMapping: 0.168000 ms MarkObjects: 3.634600 ms  DeleteObjects: 0.171600 ms)

========================================================================
Received Prepare
Registering precompiled user dll's ...
Registered in 0.002140 seconds.
Begin MonoManager ReloadAssembly
Native extension for WindowsStandalone target not found
Refreshing native plugins compatible for Editor in 0.50 ms, found 1 plugins.
Preloading 0 native plugins for Editor in 0.00 ms.
Invoked RoslynAnalysisRunner static constructor.
RoslynAnalysisRunner will not be running.
RoslynAnalysisRunner has terminated.
Mono: successfully reloaded assembly
- Completed reload, in  2.250 seconds
Platform modules already initialized, skipping
Refreshing native plugins compatible for Editor in 0.52 ms, found 1 plugins.
Preloading 0 native plugins for Editor in 0.00 ms.
Unloading 1805 Unused Serialized files (Serialized files now loaded: 0)
System memory in use before: 88.0 MB.
System memory in use after: 88.0 MB.

Unloading 12 unused Assets to reduce memory usage. Loaded Objects now: 2305.
Total: 5.872400 ms (FindLiveObjects: 0.504500 ms CreateObjectMapping: 0.266500 ms MarkObjects: 4.860800 ms  DeleteObjects: 0.237700 ms)

========================================================================
Received Prepare
Registering precompiled user dll's ...
Registered in 0.079358 seconds.
Begin MonoManager ReloadAssembly
Native extension for WindowsStandalone target not found
Refreshing native plugins compatible for Editor in 0.56 ms, found 1 plugins.
Preloading 0 native plugins for Editor in 0.00 ms.
Invoked RoslynAnalysisRunner static constructor.
RoslynAnalysisRunner will not be running.
RoslynAnalysisRunner has terminated.
Mono: successfully reloaded assembly
- Completed reload, in  3.047 seconds
Platform modules already initialized, skipping
Refreshing native plugins compatible for Editor in 1.06 ms, found 1 plugins.
Preloading 0 native plugins for Editor in 0.00 ms.
Unloading 1805 Unused Serialized files (Serialized files now loaded: 0)
System memory in use before: 88.0 MB.
System memory in use after: 88.0 MB.

Unloading 12 unused Assets to reduce memory usage. Loaded Objects now: 2309.
Total: 4.486400 ms (FindLiveObjects: 1.080800 ms CreateObjectMapping: 0.150100 ms MarkObjects: 3.066600 ms  DeleteObjects: 0.185700 ms)

========================================================================
Received Prepare
Registering precompiled user dll's ...
Registered in 0.001783 seconds.
Begin MonoManager ReloadAssembly
Native extension for WindowsStandalone target not found
Refreshing native plugins compatible for Editor in 0.54 ms, found 1 plugins.
Preloading 0 native plugins for Editor in 0.00 ms.
Invoked RoslynAnalysisRunner static constructor.
RoslynAnalysisRunner will not be running.
RoslynAnalysisRunner has terminated.
Mono: successfully reloaded assembly
- Completed reload, in  2.610 seconds
Platform modules already initialized, skipping
Refreshing native plugins compatible for Editor in 0.81 ms, found 1 plugins.
Preloading 0 native plugins for Editor in 0.00 ms.
Unloading 1805 Unused Serialized files (Serialized files now loaded: 0)
System memory in use before: 88.0 MB.
System memory in use after: 88.0 MB.

Unloading 12 unused Assets to reduce memory usage. Loaded Objects now: 2313.
Total: 4.040800 ms (FindLiveObjects: 0.288800 ms CreateObjectMapping: 0.103300 ms MarkObjects: 3.285500 ms  DeleteObjects: 0.360700 ms)

========================================================================
Received Prepare
Registering precompiled user dll's ...
Registered in 0.001754 seconds.
Begin MonoManager ReloadAssembly
Native extension for WindowsStandalone target not found
Refreshing native plugins compatible for Editor in 0.50 ms, found 1 plugins.
Preloading 0 native plugins for Editor in 0.00 ms.
Invoked RoslynAnalysisRunner static constructor.
RoslynAnalysisRunner will not be running.
RoslynAnalysisRunner has terminated.
Mono: successfully reloaded assembly
- Completed reload, in  1.704 seconds
Platform modules already initialized, skipping
Refreshing native plugins compatible for Editor in 1.09 ms, found 1 plugins.
Preloading 0 native plugins for Editor in 0.00 ms.
Unloading 1805 Unused Serialized files (Serialized files now loaded: 0)
System memory in use before: 88.0 MB.
System memory in use after: 88.0 MB.

Unloading 12 unused Assets to reduce memory usage. Loaded Objects now: 2317.
Total: 5.071800 ms (FindLiveObjects: 0.341800 ms CreateObjectMapping: 0.194500 ms MarkObjects: 4.230400 ms  DeleteObjects: 0.302100 ms)

